
	            G L O B A L   R E F E R E N C E S

	             Name               Value        Type
	==============================|=======|===============
	Xis                              0058         CONSTANT
	Oos                              004F         CONSTANT
	fim_str_g                        0021         CONSTANT
	Mais                             002B         CONSTANT
	Traco                            002D         CONSTANT
	Barra                            007C         CONSTANT
	Espaco                           0020         CONSTANT
	Num_Jog                          000C         CONSTANT
	SP_INICIO                        FDFF         CONSTANT
	Masc_Ult3B                       0007         CONSTANT
	INT_MASK_ADDR                    FFFA         CONSTANT
	INT_MASK_INI                     847E         CONSTANT
	INT_MASK_INPT                    807E         CONSTANT
	randomizer                       AFCB         CONSTANT
	EndCh                            8000         CONSTANT
	EndIn                            8001         CONSTANT
	EndOut                           8002         CONSTANT
	EndCursor                        8003         CONSTANT
	EndJog                           8004         CONSTANT
	EndHScore                        8005         CONSTANT
	LCD_Prim_dig                     8001         CONSTANT
	LCD_Seg_dig                      8002         CONSTANT
	LCD_limpa_1                      8030         CONSTANT
	LCD_limpa_2                      1F5F         CONSTANT
	IO                               FFFE         CONSTANT
	IO_CURSOR                        FFFC         CONSTANT
	IO_LEDS                          FFF8         CONSTANT
	LED_INI                          FFFF         CONSTANT
	PONT_ATUAL1                      FFF0         CONSTANT
	PONT_ATUAL2                      FFF1         CONSTANT
	LCD_WRITE                        FFF5         CONSTANT
	LCD_CONTROL                      FFF4         CONSTANT
	TEMP_END                         FFF6         CONSTANT
	TEMP_CONTROL                     FFF7         CONSTANT
	NUM_MS                           0005         CONSTANT
	str_titulo_ini                   8018           STRING
	str_ganhou                       8030           STRING
	str_perdeu1                      804C           STRING
	str_perdeu2                      806B           STRING
	str_espera                       8098           STRING
	str_ecra_ini                     80C7           STRING
	str_reinicia                     80DD           STRING
	str_autores                      80F5           STRING
	str_instr                        8110           STRING
	str_pr_com                       8140           STRING
	str_titulo_inp                   8156           STRING
	str_perdeu_tmp                   816C           STRING
	str_chave                        8184           STRING
	INT1                             FE01         VARIABLE
	INT2                             FE02         VARIABLE
	INT3                             FE03         VARIABLE
	INT4                             FE04         VARIABLE
	INT5                             FE05         VARIABLE
	INT6                             FE06         VARIABLE
	INTA                             FE0A         VARIABLE
	INTF                             FE0F         VARIABLE
	INT1F                            0002            LABEL
	INT2F                            0005            LABEL
	INT3F                            0008            LABEL
	INT4F                            000B            LABEL
	INT5F                            000E            LABEL
	INT6F                            0011            LABEL
	INTAF                            0014            LABEL
	INTFF                            0017            LABEL
	inicio                           0019            LABEL
	novo_jogo                        002C            LABEL
	espera_IA                        005A            LABEL
	ccl_espera_IA                    0062            LABEL
	inicio_jogada                    0088            LABEL
	atualiza_tmp                     0094            LABEL
	ccl_espera_inp                   00A4            LABEL
	atualiza_inp                     00A8            LABEL
	cont_in                          00BF            LABEL
	fim                              00D8            LABEL
	trata_chave                      00D9            LABEL
	trtchv_ciclo                     00E0            LABEL
	continua_chv                     00E9            LABEL
	chave_dec                        00F2            LABEL
	chave_inc                        00F5            LABEL
	testa_input                      00F8            LABEL
	testa_pos                        0111            LABEL
	cmp_pos                          0117            LABEL
	ccl_pos                          0127            LABEL
	rotate_pos                       0131            LABEL
	pos_igual                        0135            LABEL
	testa_val                        013D            LABEL
	inicio_valor                     0148            LABEL
	salta_val                        0152            LABEL
	next_valor                       0162            LABEL
	reinicia_chv                     0165            LABEL
	igual_valor                      016E            LABEL
	next_in_val                      0178            LABEL
	print_str                        017F            LABEL
	ccl_prnt_str                     0188            LABEL
	fim_str                          0193            LABEL
	print_linhas                     0196            LABEL
	cls                              01A3            LABEL
	prnt_corpo                       01AE            LABEL
	prnt_teto                        01BC            LABEL
	prnt_lados                       01C6            LABEL
	prnt_ln_sqlt                     01D0            LABEL
	prnt_dentro                      01DB            LABEL
	escreve_out                      01F1            LABEL
	escreve_X                        01FF            LABEL
	escreve_O                        020D            LABEL
	escreve_O_aux                    0211            LABEL
	escreve_traco                    021F            LABEL
	escrv_trc_aux                    0220            LABEL
	break_out                        0229            LABEL
	ganhou                           022C            LABEL
	escreve_ganhou                   0236            LABEL
	nao_HS                           025D            LABEL
	perdeu_tempo                     026D            LABEL
	perdeu                           02A4            LABEL
	reiniciar                        02DA            LABEL
	escreve_chv                      02E9            LABEL
	escreveChv_ccl                   02F0            LABEL
	escreve_pontos                   02FF            LABEL
	divide                           0309            LABEL
	escreve_HS                       0312            LABEL
	sup_dez                          032E            LABEL
